2025-09-29 16:39:36,911 - INFO - PROGRESS: Running enhancement: dev_environment
2025-09-29 16:39:36,913 - INFO - SUCCESS: Created development script: start_local_dev.bat
2025-09-29 16:39:36,913 - INFO - SUCCESS: Created development script: stop_local_dev.bat
2025-09-29 16:39:36,914 - INFO - SUCCESS: Created development script: quick_test.bat
2025-09-29 16:39:36,914 - INFO - SUCCESS: Created development script: reset_database.bat
2025-09-29 16:39:36,915 - INFO - SUCCESS: Enhanced VS Code configuration
2025-09-29 16:39:36,917 - INFO - SUCCESS: Created VS Code debugging configuration
2025-09-29 16:39:36,918 - INFO - SUCCESS: Enhancement dev_environment completed
2025-09-29 16:39:36,918 - INFO - PROGRESS: Running enhancement: testing
2025-09-29 16:39:36,919 - INFO - SUCCESS: Created comprehensive local test runner
2025-09-29 16:39:36,919 - INFO - SUCCESS: Enhancement testing completed
2025-09-29 16:39:36,919 - INFO - PROGRESS: Running enhancement: code_quality
2025-09-29 16:39:36,920 - INFO - SUCCESS: Created code quality analyzer
2025-09-29 16:39:36,920 - INFO - SUCCESS: Enhancement code_quality completed
2025-09-29 16:39:36,921 - INFO - PROGRESS: Running enhancement: monitoring
2025-09-29 16:39:36,921 - INFO - SUCCESS: Created local system monitor
2025-09-29 16:39:36,922 - INFO - SUCCESS: Enhancement monitoring completed
2025-09-29 16:39:36,922 - INFO - PROGRESS: Running enhancement: documentation
2025-09-29 16:39:36,922 - INFO - SUCCESS: Created local development guide
2025-09-29 16:39:36,922 - INFO - SUCCESS: Enhancement documentation completed
2025-09-29 16:39:36,923 - INFO - INFO: Total execution time: 0.01 seconds
2025-09-29 16:39:36,924 - INFO - SUCCESS: Results saved to: C:\Users\USER\Desktop\fynix\local_enhancement_results_20250929_163936.json
